Temp/gradleOut/launcher/build/intermediates/manifest_merge_blame_file/release/manifest-merger-blame-release-report.txt
1<?xml version="1.0" encoding="utf-8"?>
2<!-- GENERATED BY UNITY. REMOVE THIS COMMENT TO PREVENT OVERWRITING WHEN EXPORTING AGAIN -->
3<manifest xmlns:android="http://schemas.android.com/apk/res/android"
4    package="com.DefaultCompany.ARDemo"
5    android:installLocation="preferExternal"
6    android:versionCode="1"
7    android:versionName="0.1" >
8
9    <uses-sdk
10        android:minSdkVersion="24"
10-->src\main\AndroidManifest.xml
11        android:targetSdkVersion="28" />
11-->src\main\AndroidManifest.xml
12
13    <supports-screens
13-->src\main\AndroidManifest.xml:4:3-163
14        android:anyDensity="true"
14-->src\main\AndroidManifest.xml:4:135-160
15        android:largeScreens="true"
15-->src\main\AndroidManifest.xml:4:78-105
16        android:normalScreens="true"
16-->src\main\AndroidManifest.xml:4:49-77
17        android:smallScreens="true"
17-->src\main\AndroidManifest.xml:4:21-48
18        android:xlargeScreens="true" />
18-->src\main\AndroidManifest.xml:4:106-134
19
20    <uses-feature android:glEsVersion="0x00030000" />
20-->[:unityLibrary] AndroidManifest.xml:13:5-54
20-->[:unityLibrary] AndroidManifest.xml:13:19-51
21
22    <uses-permission android:name="android.permission.INTERNET" />
22-->[:unityLibrary] AndroidManifest.xml:15:5-67
22-->[:unityLibrary] AndroidManifest.xml:15:22-64
23
24    <uses-feature
24-->[:unityLibrary] AndroidManifest.xml:17:5-19:36
25        android:name="android.hardware.touchscreen"
25-->[:unityLibrary] AndroidManifest.xml:18:9-52
26        android:required="false" />
26-->[:unityLibrary] AndroidManifest.xml:19:9-33
27    <uses-feature
27-->[:unityLibrary] AndroidManifest.xml:20:5-22:36
28        android:name="android.hardware.touchscreen.multitouch"
28-->[:unityLibrary] AndroidManifest.xml:21:9-63
29        android:required="false" />
29-->[:unityLibrary] AndroidManifest.xml:22:9-33
30    <uses-feature
30-->[:unityLibrary] AndroidManifest.xml:23:5-25:36
31        android:name="android.hardware.touchscreen.multitouch.distinct"
31-->[:unityLibrary] AndroidManifest.xml:24:9-72
32        android:required="false" />
32-->[:unityLibrary] AndroidManifest.xml:25:9-33
33
34    <uses-permission android:name="android.permission.CAMERA" />
34-->[:unityLibrary] AndroidManifest.xml:27:5-65
34-->[:unityLibrary] AndroidManifest.xml:27:22-62
35
36    <uses-feature
36-->[:unityLibrary] AndroidManifest.xml:29:5-31:35
37        android:name="android.hardware.camera.ar"
37-->[:unityLibrary] AndroidManifest.xml:30:9-50
38        android:required="true" />
38-->[:unityLibrary] AndroidManifest.xml:31:9-32
39
40    <application
40-->src\main\AndroidManifest.xml:5:3-116
41        android:extractNativeLibs="true"
41-->src\main\AndroidManifest.xml:5:16-48
42        android:icon="@mipmap/app_icon"
42-->src\main\AndroidManifest.xml:5:82-113
43        android:label="@string/app_name" >
43-->src\main\AndroidManifest.xml:5:49-81
44        <activity
44-->[:unityLibrary] AndroidManifest.xml:34:9-53:20
45            android:name="com.unity3d.player.UnityPlayerActivity"
45-->[:unityLibrary] AndroidManifest.xml:35:13-66
46            android:configChanges="mcc|mnc|locale|touchscreen|keyboard|keyboardHidden|navigation|orientation|screenLayout|uiMode|screenSize|smallestScreenSize|fontScale|layoutDirection|density"
46-->[:unityLibrary] AndroidManifest.xml:36:13-194
47            android:hardwareAccelerated="false"
47-->[:unityLibrary] AndroidManifest.xml:37:13-48
48            android:launchMode="singleTask"
48-->[:unityLibrary] AndroidManifest.xml:38:13-44
49            android:screenOrientation="fullSensor"
49-->[:unityLibrary] AndroidManifest.xml:39:13-51
50            android:theme="@style/UnityThemeSelector" >
50-->[:unityLibrary] AndroidManifest.xml:40:13-54
51            <intent-filter>
51-->[:unityLibrary] AndroidManifest.xml:41:13-45:29
52                <action android:name="android.intent.action.MAIN" />
52-->[:unityLibrary] AndroidManifest.xml:42:17-69
52-->[:unityLibrary] AndroidManifest.xml:42:25-66
53
54                <category android:name="android.intent.category.LAUNCHER" />
54-->[:unityLibrary] AndroidManifest.xml:44:17-77
54-->[:unityLibrary] AndroidManifest.xml:44:27-74
55            </intent-filter>
56
57            <meta-data
57-->[:unityLibrary] AndroidManifest.xml:47:13-49:40
58                android:name="unityplayer.UnityActivity"
58-->[:unityLibrary] AndroidManifest.xml:48:17-57
59                android:value="true" />
59-->[:unityLibrary] AndroidManifest.xml:49:17-37
60            <meta-data
60-->[:unityLibrary] AndroidManifest.xml:50:13-52:40
61                android:name="android.notch_support"
61-->[:unityLibrary] AndroidManifest.xml:51:17-53
62                android:value="true" />
62-->[:unityLibrary] AndroidManifest.xml:52:17-37
63        </activity>
64
65        <meta-data
65-->[:unityLibrary] AndroidManifest.xml:55:9-57:33
66            android:name="unity.splash-mode"
66-->[:unityLibrary] AndroidManifest.xml:56:13-45
67            android:value="0" />
67-->[:unityLibrary] AndroidManifest.xml:57:13-30
68        <meta-data
68-->[:unityLibrary] AndroidManifest.xml:58:9-60:36
69            android:name="unity.splash-enable"
69-->[:unityLibrary] AndroidManifest.xml:59:13-47
70            android:value="True" />
70-->[:unityLibrary] AndroidManifest.xml:60:13-33
71        <meta-data
71-->[:unityLibrary] AndroidManifest.xml:61:9-63:50
72            android:name="notch.config"
72-->[:unityLibrary] AndroidManifest.xml:62:13-40
73            android:value="portrait|landscape" />
73-->[:unityLibrary] AndroidManifest.xml:63:13-47
74        <meta-data
74-->[:unityLibrary] AndroidManifest.xml:64:9-66:68
75            android:name="unity.build-id"
75-->[:unityLibrary] AndroidManifest.xml:65:13-42
76            android:value="a681d748-47c8-497c-a341-d11e267f8eb4" />
76-->[:unityLibrary] AndroidManifest.xml:66:13-65
77        <meta-data
77-->[:unityLibrary] AndroidManifest.xml:67:9-69:36
78            android:name="unityplayer.SkipPermissionsDialog"
78-->[:unityLibrary] AndroidManifest.xml:68:13-61
79            android:value="true" />
79-->[:unityLibrary] AndroidManifest.xml:69:13-33
80        <meta-data
80-->[:unityLibrary] AndroidManifest.xml:70:9-72:40
81            android:name="com.google.ar.core"
81-->[:unityLibrary] AndroidManifest.xml:71:13-46
82            android:value="required" /> <!-- The minimal version code of ARCore APK required for an app using this SDK. -->
82-->[:unityLibrary] AndroidManifest.xml:72:13-37
83        <meta-data
83-->[:arcore_client:] AndroidManifest.xml:33:9-35:41
84            android:name="com.google.ar.core.min_apk_version"
84-->[:arcore_client:] AndroidManifest.xml:34:13-62
85            android:value="190805000" /> <!-- This activity is critical for installing ARCore when it is not already present. -->
85-->[:arcore_client:] AndroidManifest.xml:35:13-38
86        <activity
86-->[:arcore_client:] AndroidManifest.xml:37:9-43:80
87            android:name="com.google.ar.core.InstallActivity"
87-->[:arcore_client:] AndroidManifest.xml:38:13-62
88            android:configChanges="keyboardHidden|orientation|screenSize"
88-->[:arcore_client:] AndroidManifest.xml:39:13-74
89            android:excludeFromRecents="true"
89-->[:arcore_client:] AndroidManifest.xml:40:13-46
90            android:exported="false"
90-->[:arcore_client:] AndroidManifest.xml:41:13-37
91            android:launchMode="singleTop"
91-->[:arcore_client:] AndroidManifest.xml:42:13-43
92            android:theme="@android:style/Theme.Material.Light.Dialog.Alert" />
92-->[:arcore_client:] AndroidManifest.xml:43:13-77
93    </application>
94
95</manifest>